<?xml version="1.0" encoding="utf-8"?>
<shfbBuild product="Sandcastle Help File Builder and Tools" version="2017.5.15.0" projectFile="D:\Process_Control\trunk\PluginDocumentation\PluginDocumentation.shfbproj" started="22/12/2017 11:34:47">
<buildStep step="Initializing">
Finding tools...
The Sandcastle tools are located in &#39;C:\Program Files (x86)\EWSoftware\Sandcastle Help File Builder\&#39;
Locating components in the following folder(s):
    D:\Process_Control\trunk\packages\
    D:\Process_Control\trunk\PluginDocumentation
    C:\ProgramData\EWSoftware\Sandcastle Help File Builder\Components and Plug-Ins\
    C:\Program Files (x86)\EWSoftware\Sandcastle Help File Builder\
Using framework reflection data for &#39;.NET Framework 4.6.2&#39; located in &#39;D:\Process_Control\trunk\packages\EWSoftware.SHFB.NETFramework.4.7\tools\Data\.NETFramework&#39;
Using presentation style &#39;VS2013&#39; located in &#39;D:\Process_Control\trunk\packages\EWSoftware.SHFB.2017.5.15.0\tools\PresentationStyles\VS2013&#39;
Loading and initializing plug-ins...
Lightweight Website Style Version 2017.5.15.0
Copyright &#169; 2006-2017, Eric Woodruff, All Rights Reserved
Portions Copyright &#169; 2014, Sam Harwell, All Rights Reserved
-------------------------------
Clearing any prior web/markdown output...
</buildStep>
<buildStep step="ValidatingDocumentationSources">
Validating and copying documentation source information
Source: D:\Process_Control\trunk\Desoutter.ProcessControl.Plugin.v1.Interface\Desoutter.ProcessControl.Plugin.v1.Interface.csproj
    Found project &#39;D:\Process_Control\trunk\Desoutter.ProcessControl.Plugin.v1.Interface\Desoutter.ProcessControl.Plugin.v1.Interface.csproj&#39;
Source: D:\Process_Control\trunk\Desoutter.ProcessControl.Plugin.v2.Interface\Desoutter.ProcessControl.Plugin.v2.Interface.csproj
    Found project &#39;D:\Process_Control\trunk\Desoutter.ProcessControl.Plugin.v2.Interface\Desoutter.ProcessControl.Plugin.v2.Interface.csproj&#39;

Parsing project files
    Found assembly &#39;D:\Process_Control\trunk\Desoutter.ProcessControl.Plugin.v1.Interface\bin\Release\Desoutter.ProcessControl.Plugin.v1.Interface.dll&#39;
    Found assembly &#39;D:\Process_Control\trunk\Desoutter.ProcessControl.Plugin.v2.Interface\bin\Release\Desoutter.ProcessControl.Plugin.v2.Interface.dll&#39;

References to include (excluding framework assemblies):
    None

Copying XML comments files
    D:\Process_Control\trunk\Desoutter.ProcessControl.Plugin.v1.Interface\bin\Release\Desoutter.ProcessControl.Plugin.v1.Interface.XML -&gt; D:\Process_Control\trunk\PluginDocumentation\Documentation\Working\Desoutter.ProcessControl.Plugin.v1.Interface.XML
    D:\Process_Control\trunk\Desoutter.ProcessControl.Plugin.v2.Interface\bin\Release\Desoutter.ProcessControl.Plugin.v2.Interface.xml -&gt; D:\Process_Control\trunk\PluginDocumentation\Documentation\Working\Desoutter.ProcessControl.Plugin.v2.Interface.xml
</buildStep>
<buildStep step="GenerateSharedContent">
Generating shared content files (en-US, Anglais (&#201;tats-Unis))...
<plugIn name="Lightweight Website Style" behavior="After" priority="1000">
</plugIn>    Last step completed in 00:00:00,0000
</buildStep>
<buildStep step="GenerateApiFilter">
Generating API filter for MRefBuilder...
    Last step completed in 00:00:00,0000
</buildStep>
<buildStep step="GenerateReflectionInfo">
Generating reflection information...
[C:\Program Files (x86)\MSBuild\14.0\bin\MSBuild.exe - GenerateRefInfo.proj]
La g‚n‚ration a d‚marr‚ 22/12/2017 11:34:58.
Projet &quot;D:\Process_Control\trunk\PluginDocumentation\Documentation\Working\GenerateRefInfo.proj&quot; sur le noud 1 (cibles par d‚faut).
PrepareForBuild:
  Cr‚ation du r‚pertoire &quot;obj\Debug\&quot;.
GenerateRefInfo:
  MRefBuilder (v2017.5.15.0)
  Copyright &#184; 2006-2017, Microsoft Corporation, All Rights Reserved.
  Portions Copyright &#184; 2006-2016, Eric Woodruff, All Rights Reserved.
  No source code context base path specified.  Source context information is unavailable.
  Loaded 2 assemblies for reflection and 1 dependency assemblies.
  Wrote information on 2 namespaces, 13 types, and 80 members
  Copie du fichier de &quot;reflection.org&quot; vers &quot;reflection.all&quot;.
  XslTransform (v2017.5.15.0)
  Copyright &#184; 2006-2017, Microsoft Corporation, All Rights Reserved.
  Portions Copyright &#184; 2006-2016, Eric Woodruff, All Rights Reserved.
  Applying XSL transformation &#39;C:\Program Files (x86)\EWSoftware\Sandcastle Help File Builder\ProductionTransforms\MergeDuplicates.xsl&#39;.
  Applying XSL transformation &#39;C:\Program Files (x86)\EWSoftware\Sandcastle Help File Builder\ProductionTransforms\AddXamlSyntaxData.xsl&#39;.
G‚n‚ration du projet &quot;D:\Process_Control\trunk\PluginDocumentation\Documentation\Working\GenerateRefInfo.proj&quot; termin‚e (cibles par d‚faut).

La g‚n‚ration a r‚ussi.

Temps ‚coul‚ 00:00:00.46
    Last step completed in 00:00:00,7186
</buildStep>
<buildStep step="TransformReflectionInfo">
Transforming reflection output...
[C:\Program Files (x86)\MSBuild\14.0\bin\MSBuild.exe - TransformManifest.proj]
La g‚n‚ration a d‚marr‚ 22/12/2017 11:34:58.
Projet &quot;D:\Process_Control\trunk\PluginDocumentation\Documentation\Working\TransformManifest.proj&quot; sur le noud 1 (cibles par d‚faut).
TransformManifest:
  XslTransform (v2017.5.15.0)
  Copyright &#184; 2006-2017, Microsoft Corporation, All Rights Reserved.
  Portions Copyright &#184; 2006-2016, Eric Woodruff, All Rights Reserved.
  Applying XSL transformation &#39;C:\Program Files (x86)\EWSoftware\Sandcastle Help File Builder\\ProductionTransforms\ApplyVSDocModel.xsl&#39;.
  Copie du fichier de &quot;reflection.xml&quot; vers &quot;reflection.nofilenames&quot;.
  XslTransform (v2017.5.15.0)
  Copyright &#184; 2006-2017, Microsoft Corporation, All Rights Reserved.
  Portions Copyright &#184; 2006-2016, Eric Woodruff, All Rights Reserved.
  Applying XSL transformation &#39;C:\Program Files (x86)\EWSoftware\Sandcastle Help File Builder\ProductionTransforms\AddFilenames.xsl&#39;.
  XslTransform (v2017.5.15.0)
  Copyright &#184; 2006-2017, Microsoft Corporation, All Rights Reserved.
  Portions Copyright &#184; 2006-2016, Eric Woodruff, All Rights Reserved.
  Applying XSL transformation &#39;C:\Program Files (x86)\EWSoftware\Sandcastle Help File Builder\ProductionTransforms\ReflectionToManifest.xsl&#39;.
G‚n‚ration du projet &quot;D:\Process_Control\trunk\PluginDocumentation\Documentation\Working\TransformManifest.proj&quot; termin‚e (cibles par d‚faut).

La g‚n‚ration a r‚ussi.

Temps ‚coul‚ 00:00:00.56
    Last step completed in 00:00:00,7654
</buildStep>
<buildStep step="GenerateNamespaceSummaries">
Generating namespace summary information...
    Last step completed in 00:00:00,0000
</buildStep>
<buildStep step="GenerateInheritedDocumentation">
Generating inherited documentation...
[C:\Program Files (x86)\MSBuild\14.0\bin\MSBuild.exe - GenerateInheritedDocs.proj]
Sandcastle Help File Builder and Tools, version 2017.5.15.0
Copyright &#184; 2006-2017, Eric Woodruff, All Rights Reserved
E-Mail: Eric@EWoodruff.us

Reflection information will be retrieved from &#39;reflection.xml&#39;
Inherited documentation will be written to &#39;_InheritedDocs_.xml&#39;
Indexing C:\Program Files (x86)\Reference Assemblies\Microsoft\Framework\.NETFramework\v4.6.2\*.xml
Indexing D:\Process_Control\trunk\PluginDocumentation\Documentation\Working\Desoutter.ProcessControl.Plugin.v1.Interface.XML
Indexing D:\Process_Control\trunk\PluginDocumentation\Documentation\Working\Desoutter.ProcessControl.Plugin.v2.Interface.xml
Indexed 158006 members in 128 file(s).  2 file(s) to scan for &lt;inheritdoc /&gt; tags.
Merging inherited documentation...


Documentation merged successfully
    Last step completed in 00:00:01,0452
</buildStep>
<buildStep step="CopyConceptualContent">
Copying conceptual content...
Copying standard token shared content file...
Checking for other token files...
Checking for code snippets files...
Copying images and creating the media map file...
Generating conceptual topic files
    Parsing topic file &#39;D:\Process_Control\trunk\PluginDocumentation\Content\Welcome.aml&#39;
    D:\Process_Control\trunk\PluginDocumentation\Content\Welcome.aml -&gt; D:\Process_Control\trunk\PluginDocumentation\Documentation\Working\ddueXml\0914e9ea-9584-4bb0-a703-4a6a191745b8.xml
    Parsing topic file &#39;D:\Process_Control\trunk\PluginDocumentation\Content\VersionHistory\VersionHistory.aml&#39;
    D:\Process_Control\trunk\PluginDocumentation\Content\VersionHistory\VersionHistory.aml -&gt; D:\Process_Control\trunk\PluginDocumentation\Documentation\Working\ddueXml\483a58b1-2899-48bf-8d36-3319e9655eb7.xml
    Parsing topic file &#39;D:\Process_Control\trunk\PluginDocumentation\Content\VersionHistory\v2.0.0.0.aml&#39;
    D:\Process_Control\trunk\PluginDocumentation\Content\VersionHistory\v2.0.0.0.aml -&gt; D:\Process_Control\trunk\PluginDocumentation\Documentation\Working\ddueXml\9e0854ab-716c-4f72-ba3b-61a651212cce.xml
    Parsing topic file &#39;D:\Process_Control\trunk\PluginDocumentation\Content\VersionHistory\v1.0.0.0.aml&#39;
    D:\Process_Control\trunk\PluginDocumentation\Content\VersionHistory\v1.0.0.0.aml -&gt; D:\Process_Control\trunk\PluginDocumentation\Documentation\Working\ddueXml\4100d164-d101-4f4e-bafb-9f785c8ff7ef.xml
    Parsing topic file &#39;D:\Process_Control\trunk\PluginDocumentation\Content\How To Create.aml&#39;
    D:\Process_Control\trunk\PluginDocumentation\Content\How To Create.aml -&gt; D:\Process_Control\trunk\PluginDocumentation\Documentation\Working\ddueXml\f30628f8-aa35-47d2-b511-c921886eb73e.xml
    Parsing topic file &#39;D:\Process_Control\trunk\PluginDocumentation\Content\FAQ.aml&#39;
    D:\Process_Control\trunk\PluginDocumentation\Content\FAQ.aml -&gt; D:\Process_Control\trunk\PluginDocumentation\Documentation\Working\ddueXml\caae5e98-a5bb-490e-b751-7d37767104ba.xml
    Last step completed in 00:00:00,0312
</buildStep>
<buildStep step="CreateConceptualTopicConfigs">
Creating conceptual topic configuration files...
    Companion files
    _ContentMetadata_.xml
    Merging topic IDs into manifest.xml
    Last step completed in 00:00:00,0156
</buildStep>
<buildStep step="CopyAdditionalContent">
Copying additional content files...
D:\Process_Control\trunk\PluginDocumentation\icons\Help.png -&gt; D:\Process_Control\trunk\PluginDocumentation\Documentation\Working\Output\Website\icons\Help.png
D:\Process_Control\trunk\PluginDocumentation\icons\Desoutter.png -&gt; D:\Process_Control\trunk\PluginDocumentation\Documentation\Working\Output\Website\icons\Desoutter.png
    Last step completed in 00:00:00,0000
</buildStep>
<buildStep step="MergeTablesOfContents">
Merging conceptual and additional tables of contents...
    Last step completed in 00:00:00,0000
</buildStep>
<buildStep step="GenerateIntermediateTableOfContents">
Generating intermediate table of contents file...
[C:\Program Files (x86)\MSBuild\14.0\bin\MSBuild.exe - GenerateIntermediateTOC.proj]
La g‚n‚ration a d‚marr‚ 22/12/2017 11:35:00.
Projet &quot;D:\Process_Control\trunk\PluginDocumentation\Documentation\Working\GenerateIntermediateTOC.proj&quot; sur le noud 1 (cibles par d‚faut).
GenerateIntermediateTOC:
  XslTransform (v2017.5.15.0)
  Copyright &#184; 2006-2017, Microsoft Corporation, All Rights Reserved.
  Portions Copyright &#184; 2006-2016, Eric Woodruff, All Rights Reserved.
  Applying XSL transformation &#39;C:\Program Files (x86)\EWSoftware\Sandcastle Help File Builder\\ProductionTransforms\CreateVSToc.xsl&#39;.
G‚n‚ration du projet &quot;D:\Process_Control\trunk\PluginDocumentation\Documentation\Working\GenerateIntermediateTOC.proj&quot; termin‚e (cibles par d‚faut).

La g‚n‚ration a r‚ussi.

Temps ‚coul‚ 00:00:00.07
Generating conceptual content intermediate TOC file...
    Last step completed in 00:00:00,2808
</buildStep>
<buildStep step="CreateBuildAssemblerConfigs">
Creating Sandcastle configuration files...
    sandcastle.config
    Last step completed in 00:00:00,1122
</buildStep>
<buildStep step="MergeCustomConfigs">
Merging custom build component configurations
D:\Process_Control\trunk\PluginDocumentation\Documentation\Working\sandcastle.config
  Updating reference topic configurations.
  Updating conceptual topic configurations.
    Removing unused ExampleComponent.
    Last step completed in 00:00:00,0156
</buildStep>
<buildStep step="BuildTopics">
Building help topics...
[C:\Program Files (x86)\MSBuild\14.0\bin\MSBuild.exe - BuildTopics.proj]
La g‚n‚ration a d‚marr‚ 22/12/2017 11:35:01.
Projet &quot;D:\Process_Control\trunk\PluginDocumentation\Documentation\Working\BuildTopics.proj&quot; sur le noud 1 (cibles par d‚faut).
BuildTopics:
  BuildAssembler (v2017.5.15.0)
  Copyright &#184; 2006-2017, Microsoft Corporation, All Rights Reserved.
  Portions Copyright &#184; 2006-2016, Eric Woodruff, All Rights Reserved.
  Loading configuration...
  Processing topics...
BuildAssembler : warning : ShowMissingComponent: [N:Desoutter.ProcessControl.Plugin.v1.Interface] Missing &lt;summary&gt; documentation [D:\Process_Control\trunk\PluginDocumentation\Documentation\Working\BuildTopics.proj]
BuildAssembler : warning : ShowMissingComponent: [M:Desoutter.ProcessControl.Plugin.v1.Interface.IDisplayScreenAlert.Error(System.String,System.Int32)] Missing &lt;param name=&quot;message&quot;/&gt; documentation [D:\Process_Control\trunk\PluginDocumentation\Documentation\Working\BuildTopics.proj]
BuildAssembler : warning : ShowMissingComponent: [M:Desoutter.ProcessControl.Plugin.v1.Interface.IDisplayScreenAlert.Info(System.String,System.Int32)] Missing &lt;param name=&quot;message&quot;/&gt; documentation [D:\Process_Control\trunk\PluginDocumentation\Documentation\Working\BuildTopics.proj]
BuildAssembler : warning : ShowMissingComponent: [M:Desoutter.ProcessControl.Plugin.v1.Interface.IDisplayScreenAlert.Warning(System.String,System.Int32)] Missing &lt;param name=&quot;message&quot;/&gt; documentation [D:\Process_Control\trunk\PluginDocumentation\Documentation\Working\BuildTopics.proj]
BuildAssembler : warning : ShowMissingComponent: [M:Desoutter.ProcessControl.Plugin.v1.Interface.IInfinityService.DisplayKeyboardAsync] Missing &lt;returns&gt; documentation [D:\Process_Control\trunk\PluginDocumentation\Documentation\Working\BuildTopics.proj]
BuildAssembler : warning : ShowMissingComponent: [M:Desoutter.ProcessControl.Plugin.v1.Interface.IInfinityService.GetInputOutputSourcesAsync(System.String)] Missing &lt;returns&gt; documentation [D:\Process_Control\trunk\PluginDocumentation\Documentation\Working\BuildTopics.proj]
BuildAssembler : warning : ShowMissingComponent: [M:Desoutter.ProcessControl.Plugin.v1.Interface.IInfinityService.GetInputOutputSourcesAsync(System.String)] Missing &lt;param name=&quot;ioDeviceAddress&quot;/&gt; documentation [D:\Process_Control\trunk\PluginDocumentation\Documentation\Working\BuildTopics.proj]
BuildAssembler : warning : ResolveReferenceLinksComponent: [M:Desoutter.ProcessControl.Plugin.v1.Interface.IInfinityService.GetInputOutputSourcesAsync(System.String)] Unknown reference link target &#39;T:Desoutter.ProcessControl.Plugin.v1.Interface.Model.InputOutputData&#39;. [D:\Process_Control\trunk\PluginDocumentation\Documentation\Working\BuildTopics.proj]
BuildAssembler : warning : ShowMissingComponent: [M:Desoutter.ProcessControl.Plugin.v1.Interface.IInfinityService.GetPreviousResultsAsync(System.Collections.Generic.List{Desoutter.ProcessControl.Plugin.v1.Interface.Model.StepType})] Missing &lt;returns&gt; documentation [D:\Process_Control\trunk\PluginDocumentation\Documentation\Working\BuildTopics.proj]
BuildAssembler : warning : ShowMissingComponent: [M:Desoutter.ProcessControl.Plugin.v1.Interface.IInfinityService.GetPreviousResultsAsync(System.Collections.Generic.List{Desoutter.ProcessControl.Plugin.v1.Interface.Model.StepType})] Missing &lt;param name=&quot;types&quot;/&gt; documentation [D:\Process_Control\trunk\PluginDocumentation\Documentation\Working\BuildTopics.proj]
BuildAssembler : warning : ResolveReferenceLinksComponent: [M:Desoutter.ProcessControl.Plugin.v1.Interface.IInfinityService.GetPreviousResultsAsync(System.Collections.Generic.List{Desoutter.ProcessControl.Plugin.v1.Interface.Model.StepType})] Unknown reference link target &#39;T:Desoutter.ProcessControl.Plugin.v1.Interface.Model.StepType&#39;. [D:\Process_Control\trunk\PluginDocumentation\Documentation\Working\BuildTopics.proj]
BuildAssembler : warning : ResolveReferenceLinksComponent: [M:Desoutter.ProcessControl.Plugin.v1.Interface.IInfinityService.GetPreviousResultsAsync(System.Collections.Generic.List{Desoutter.ProcessControl.Plugin.v1.Interface.Model.StepType})] Unknown reference link target &#39;T:Desoutter.ProcessControl.Plugin.v1.Interface.Model.PreviousResult&#39;. [D:\Process_Control\trunk\PluginDocumentation\Documentation\Working\BuildTopics.proj]
BuildAssembler : warning : ShowMissingComponent: [M:Desoutter.ProcessControl.Plugin.v1.Interface.IInfinityService.GetProductSpecificationAsync] Missing &lt;returns&gt; documentation [D:\Process_Control\trunk\PluginDocumentation\Documentation\Working\BuildTopics.proj]
BuildAssembler : warning : ResolveReferenceLinksComponent: [M:Desoutter.ProcessControl.Plugin.v1.Interface.IInfinityService.GetProductSpecificationAsync] Unknown reference link target &#39;T:Desoutter.ProcessControl.Plugin.v1.Interface.Model.ProductSpecification&#39;. [D:\Process_Control\trunk\PluginDocumentation\Documentation\Working\BuildTopics.proj]
BuildAssembler : warning : ShowMissingComponent: [M:Desoutter.ProcessControl.Plugin.v1.Interface.IInfinityService.InsertTraceabilityLine(System.Boolean,System.String)] Missing &lt;param name=&quot;isPassed&quot;/&gt; documentation [D:\Process_Control\trunk\PluginDocumentation\Documentation\Working\BuildTopics.proj]
BuildAssembler : warning : ShowMissingComponent: [M:Desoutter.ProcessControl.Plugin.v1.Interface.IInfinityService.InsertTraceabilityLine(System.Boolean,System.String)] Missing &lt;param name=&quot;message&quot;/&gt; documentation [D:\Process_Control\trunk\PluginDocumentation\Documentation\Working\BuildTopics.proj]
BuildAssembler : warning : ShowMissingComponent: [M:Desoutter.ProcessControl.Plugin.v1.Interface.IInfinityService.SetOutputState(System.String,System.Int32,System.Boolean,System.Int32,System.Boolean)] Missing &lt;param name=&quot;ioDeviceAddress&quot;/&gt; documentation [D:\Process_Control\trunk\PluginDocumentation\Documentation\Working\BuildTopics.proj]
BuildAssembler : warning : ShowMissingComponent: [M:Desoutter.ProcessControl.Plugin.v1.Interface.IInfinityService.SetOutputState(System.String,System.Int32,System.Boolean,System.Int32,System.Boolean)] Missing &lt;param name=&quot;entryNumber&quot;/&gt; documentation [D:\Process_Control\trunk\PluginDocumentation\Documentation\Working\BuildTopics.proj]
BuildAssembler : warning : ShowMissingComponent: [M:Desoutter.ProcessControl.Plugin.v1.Interface.IInfinityService.SetOutputState(System.String,System.Int32,System.Boolean,System.Int32,System.Boolean)] Missing &lt;param name=&quot;state&quot;/&gt; documentation [D:\Process_Control\trunk\PluginDocumentation\Documentation\Working\BuildTopics.proj]
BuildAssembler : warning : ShowMissingComponent: [M:Desoutter.ProcessControl.Plugin.v1.Interface.IInfinityService.SetOutputState(System.String,System.Int32,System.Boolean,System.Int32,System.Boolean)] Missing &lt;param name=&quot;duration&quot;/&gt; documentation [D:\Process_Control\trunk\PluginDocumentation\Documentation\Working\BuildTopics.proj]
BuildAssembler : warning : ShowMissingComponent: [M:Desoutter.ProcessControl.Plugin.v1.Interface.IInfinityService.SetOutputState(System.String,System.Int32,System.Boolean,System.Int32,System.Boolean)] Missing &lt;param name=&quot;flash&quot;/&gt; documentation [D:\Process_Control\trunk\PluginDocumentation\Documentation\Working\BuildTopics.proj]
BuildAssembler : warning : ShowMissingComponent: [M:Desoutter.ProcessControl.Plugin.v1.Interface.IPlugin.ExecuteStep(System.Object)] Missing &lt;returns&gt; documentation [D:\Process_Control\trunk\PluginDocumentation\Documentation\Working\BuildTopics.proj]
BuildAssembler : warning : ShowMissingComponent: [M:Desoutter.ProcessControl.Plugin.v1.Interface.IPlugin.ExecuteStep(System.Object)] Missing &lt;param name=&quot;parameters&quot;/&gt; documentation [D:\Process_Control\trunk\PluginDocumentation\Documentation\Working\BuildTopics.proj]
BuildAssembler : warning : ResolveReferenceLinksComponent: [M:Desoutter.ProcessControl.Plugin.v1.Interface.IPlugin.ExecuteStep(System.Object)] Unknown reference link target &#39;T:Desoutter.ProcessControl.Plugin.v1.Interface.Model.StepResult&#39;. [D:\Process_Control\trunk\PluginDocumentation\Documentation\Working\BuildTopics.proj]
BuildAssembler : warning : ShowMissingComponent: [M:Desoutter.ProcessControl.Plugin.v1.Interface.IPlugin.HasToCreateControl] Missing &lt;returns&gt; documentation [D:\Process_Control\trunk\PluginDocumentation\Documentation\Working\BuildTopics.proj]
BuildAssembler : warning : ShowMissingComponent: [M:Desoutter.ProcessControl.Plugin.v1.Interface.IPluginLog.Error(System.String)] Missing &lt;param name=&quot;message&quot;/&gt; documentation [D:\Process_Control\trunk\PluginDocumentation\Documentation\Working\BuildTopics.proj]
BuildAssembler : warning : ShowMissingComponent: [M:Desoutter.ProcessControl.Plugin.v1.Interface.IPluginLog.Info(System.String)] Missing &lt;param name=&quot;message&quot;/&gt; documentation [D:\Process_Control\trunk\PluginDocumentation\Documentation\Working\BuildTopics.proj]
BuildAssembler : warning : ShowMissingComponent: [M:Desoutter.ProcessControl.Plugin.v1.Interface.PluginBase.CreateControl] Missing &lt;returns&gt; documentation [D:\Process_Control\trunk\PluginDocumentation\Documentation\Working\BuildTopics.proj]
BuildAssembler : warning : ShowMissingComponent: [M:Desoutter.ProcessControl.Plugin.v1.Interface.PluginBase.ExecuteStep(System.Object)] Missing &lt;param name=&quot;parameters&quot;/&gt; documentation [D:\Process_Control\trunk\PluginDocumentation\Documentation\Working\BuildTopics.proj]
BuildAssembler : warning : ResolveReferenceLinksComponent: [M:Desoutter.ProcessControl.Plugin.v1.Interface.PluginBase.ExecuteStep(System.Object)] Unknown reference link target &#39;T:Desoutter.ProcessControl.Plugin.v1.Interface.Model.StepResult&#39;. [D:\Process_Control\trunk\PluginDocumentation\Documentation\Working\BuildTopics.proj]
BuildAssembler : warning : ShowMissingComponent: [M:Desoutter.ProcessControl.Plugin.v1.Interface.PluginBase.GetService(System.Type)] Missing &lt;summary&gt; documentation [D:\Process_Control\trunk\PluginDocumentation\Documentation\Working\BuildTopics.proj]
BuildAssembler : warning : ShowMissingComponent: [M:Desoutter.ProcessControl.Plugin.v1.Interface.PluginBase.GetService(System.Type)] Missing &lt;returns&gt; documentation [D:\Process_Control\trunk\PluginDocumentation\Documentation\Working\BuildTopics.proj]
BuildAssembler : warning : ShowMissingComponent: [M:Desoutter.ProcessControl.Plugin.v1.Interface.PluginBase.GetService(System.Type)] Missing &lt;param name=&quot;serviceType&quot;/&gt; documentation [D:\Process_Control\trunk\PluginDocumentation\Documentation\Working\BuildTopics.proj]
BuildAssembler : warning : ShowMissingComponent: [M:Desoutter.ProcessControl.Plugin.v1.Interface.PluginBase.HasToCreateControl] Missing &lt;returns&gt; documentation [D:\Process_Control\trunk\PluginDocumentation\Documentation\Working\BuildTopics.proj]
BuildAssembler : warning : ShowMissingComponent: [M:Desoutter.ProcessControl.Plugin.v1.Interface.PluginBase.InitializeLifetimeService] Missing &lt;returns&gt; documentation [D:\Process_Control\trunk\PluginDocumentation\Documentation\Working\BuildTopics.proj]
BuildAssembler : warning : ShowMissingComponent: [M:Desoutter.ProcessControl.Plugin.v1.Interface.PluginBase.ProgramWillStop] Missing &lt;returns&gt; documentation [D:\Process_Control\trunk\PluginDocumentation\Documentation\Working\BuildTopics.proj]
BuildAssembler : warning : ShowMissingComponent: [N:Desoutter.ProcessControl.Plugin.v2.Interface] Missing &lt;summary&gt; documentation [D:\Process_Control\trunk\PluginDocumentation\Documentation\Working\BuildTopics.proj]
BuildAssembler : warning : ShowMissingComponent: [M:Desoutter.ProcessControl.Plugin.v2.Interface.IConfiguration.GetAssetsAsync] Missing &lt;returns&gt; documentation [D:\Process_Control\trunk\PluginDocumentation\Documentation\Working\BuildTopics.proj]
BuildAssembler : warning : ResolveReferenceLinksComponent: [M:Desoutter.ProcessControl.Plugin.v2.Interface.IConfiguration.GetAssetsAsync] Unknown reference link target &#39;T:Desoutter.ProcessControl.Plugin.v2.Interface.Model.Configuration.Asset&#39;. [D:\Process_Control\trunk\PluginDocumentation\Documentation\Working\BuildTopics.proj]
BuildAssembler : warning : ShowMissingComponent: [M:Desoutter.ProcessControl.Plugin.v2.Interface.IConfiguration.GetStepsAsync(System.Collections.Generic.List{Desoutter.ProcessControl.Plugin.v2.Interface.Model.StepType})] Missing &lt;returns&gt; documentation [D:\Process_Control\trunk\PluginDocumentation\Documentation\Working\BuildTopics.proj]
BuildAssembler : warning : ShowMissingComponent: [M:Desoutter.ProcessControl.Plugin.v2.Interface.IConfiguration.GetStepsAsync(System.Collections.Generic.List{Desoutter.ProcessControl.Plugin.v2.Interface.Model.StepType})] Missing &lt;param name=&quot;types&quot;/&gt; documentation [D:\Process_Control\trunk\PluginDocumentation\Documentation\Working\BuildTopics.proj]
BuildAssembler : warning : ResolveReferenceLinksComponent: [M:Desoutter.ProcessControl.Plugin.v2.Interface.IConfiguration.GetStepsAsync(System.Collections.Generic.List{Desoutter.ProcessControl.Plugin.v2.Interface.Model.StepType})] Unknown reference link target &#39;T:Desoutter.ProcessControl.Plugin.v2.Interface.Model.StepType&#39;. [D:\Process_Control\trunk\PluginDocumentation\Documentation\Working\BuildTopics.proj]
BuildAssembler : warning : ResolveReferenceLinksComponent: [M:Desoutter.ProcessControl.Plugin.v2.Interface.IConfiguration.GetStepsAsync(System.Collections.Generic.List{Desoutter.ProcessControl.Plugin.v2.Interface.Model.StepType})] Unknown reference link target &#39;T:Desoutter.ProcessControl.Plugin.v2.Interface.Model.Configuration.Step.Step&#39;. [D:\Process_Control\trunk\PluginDocumentation\Documentation\Working\BuildTopics.proj]
BuildAssembler : warning : ShowMissingComponent: [M:Desoutter.ProcessControl.Plugin.v2.Interface.IDisplayScreenAlert.Error(System.String,System.Int32)] Missing &lt;param name=&quot;message&quot;/&gt; documentation [D:\Process_Control\trunk\PluginDocumentation\Documentation\Working\BuildTopics.proj]
BuildAssembler : warning : ShowMissingComponent: [M:Desoutter.ProcessControl.Plugin.v2.Interface.IDisplayScreenAlert.Info(System.String,System.Int32)] Missing &lt;param name=&quot;message&quot;/&gt; documentation [D:\Process_Control\trunk\PluginDocumentation\Documentation\Working\BuildTopics.proj]
BuildAssembler : warning : ShowMissingComponent: [M:Desoutter.ProcessControl.Plugin.v2.Interface.IDisplayScreenAlert.Warning(System.String,System.Int32)] Missing &lt;param name=&quot;message&quot;/&gt; documentation [D:\Process_Control\trunk\PluginDocumentation\Documentation\Working\BuildTopics.proj]
BuildAssembler : warning : ShowMissingComponent: [M:Desoutter.ProcessControl.Plugin.v2.Interface.IInfinityService.DisplayKeyboardAsync] Missing &lt;returns&gt; documentation [D:\Process_Control\trunk\PluginDocumentation\Documentation\Working\BuildTopics.proj]
BuildAssembler : warning : ShowMissingComponent: [M:Desoutter.ProcessControl.Plugin.v2.Interface.IInfinityService.GetInputOutputSourcesAsync(System.String)] Missing &lt;returns&gt; documentation [D:\Process_Control\trunk\PluginDocumentation\Documentation\Working\BuildTopics.proj]
BuildAssembler : warning : ShowMissingComponent: [M:Desoutter.ProcessControl.Plugin.v2.Interface.IInfinityService.GetInputOutputSourcesAsync(System.String)] Missing &lt;param name=&quot;ioDeviceAddress&quot;/&gt; documentation [D:\Process_Control\trunk\PluginDocumentation\Documentation\Working\BuildTopics.proj]
BuildAssembler : warning : ResolveReferenceLinksComponent: [M:Desoutter.ProcessControl.Plugin.v2.Interface.IInfinityService.GetInputOutputSourcesAsync(System.String)] Unknown reference link target &#39;T:Desoutter.ProcessControl.Plugin.v2.Interface.Model.Production.InputOutputData&#39;. [D:\Process_Control\trunk\PluginDocumentation\Documentation\Working\BuildTopics.proj]
BuildAssembler : warning : ShowMissingComponent: [M:Desoutter.ProcessControl.Plugin.v2.Interface.IInfinityService.InsertTraceabilityLine(System.Boolean,System.String)] Missing &lt;param name=&quot;isPassed&quot;/&gt; documentation [D:\Process_Control\trunk\PluginDocumentation\Documentation\Working\BuildTopics.proj]
BuildAssembler : warning : ShowMissingComponent: [M:Desoutter.ProcessControl.Plugin.v2.Interface.IInfinityService.InsertTraceabilityLine(System.Boolean,System.String)] Missing &lt;param name=&quot;message&quot;/&gt; documentation [D:\Process_Control\trunk\PluginDocumentation\Documentation\Working\BuildTopics.proj]
BuildAssembler : warning : ShowMissingComponent: [M:Desoutter.ProcessControl.Plugin.v2.Interface.IInfinityService.SetOutputState(System.String,System.Int32,System.Boolean,System.Int32,System.Boolean)] Missing &lt;param name=&quot;ioDeviceAddress&quot;/&gt; documentation [D:\Process_Control\trunk\PluginDocumentation\Documentation\Working\BuildTopics.proj]
BuildAssembler : warning : ShowMissingComponent: [M:Desoutter.ProcessControl.Plugin.v2.Interface.IInfinityService.SetOutputState(System.String,System.Int32,System.Boolean,System.Int32,System.Boolean)] Missing &lt;param name=&quot;entryNumber&quot;/&gt; documentation [D:\Process_Control\trunk\PluginDocumentation\Documentation\Working\BuildTopics.proj]
BuildAssembler : warning : ShowMissingComponent: [M:Desoutter.ProcessControl.Plugin.v2.Interface.IInfinityService.SetOutputState(System.String,System.Int32,System.Boolean,System.Int32,System.Boolean)] Missing &lt;param name=&quot;state&quot;/&gt; documentation [D:\Process_Control\trunk\PluginDocumentation\Documentation\Working\BuildTopics.proj]
BuildAssembler : warning : ShowMissingComponent: [M:Desoutter.ProcessControl.Plugin.v2.Interface.IInfinityService.SetOutputState(System.String,System.Int32,System.Boolean,System.Int32,System.Boolean)] Missing &lt;param name=&quot;duration&quot;/&gt; documentation [D:\Process_Control\trunk\PluginDocumentation\Documentation\Working\BuildTopics.proj]
BuildAssembler : warning : ShowMissingComponent: [M:Desoutter.ProcessControl.Plugin.v2.Interface.IInfinityService.SetOutputState(System.String,System.Int32,System.Boolean,System.Int32,System.Boolean)] Missing &lt;param name=&quot;flash&quot;/&gt; documentation [D:\Process_Control\trunk\PluginDocumentation\Documentation\Working\BuildTopics.proj]
BuildAssembler : warning : ShowMissingComponent: [M:Desoutter.ProcessControl.Plugin.v2.Interface.IPlugin.ExecuteStep(System.Object)] Missing &lt;returns&gt; documentation [D:\Process_Control\trunk\PluginDocumentation\Documentation\Working\BuildTopics.proj]
BuildAssembler : warning : ShowMissingComponent: [M:Desoutter.ProcessControl.Plugin.v2.Interface.IPlugin.ExecuteStep(System.Object)] Missing &lt;param name=&quot;parameters&quot;/&gt; documentation [D:\Process_Control\trunk\PluginDocumentation\Documentation\Working\BuildTopics.proj]
BuildAssembler : warning : ResolveReferenceLinksComponent: [M:Desoutter.ProcessControl.Plugin.v2.Interface.IPlugin.ExecuteStep(System.Object)] Unknown reference link target &#39;T:Desoutter.ProcessControl.Plugin.v2.Interface.Model.StepResult&#39;. [D:\Process_Control\trunk\PluginDocumentation\Documentation\Working\BuildTopics.proj]
BuildAssembler : warning : ShowMissingComponent: [M:Desoutter.ProcessControl.Plugin.v2.Interface.IPlugin.HasToCreateControl] Missing &lt;returns&gt; documentation [D:\Process_Control\trunk\PluginDocumentation\Documentation\Working\BuildTopics.proj]
BuildAssembler : warning : ShowMissingComponent: [M:Desoutter.ProcessControl.Plugin.v2.Interface.IPluginLog.Error(System.String)] Missing &lt;param name=&quot;message&quot;/&gt; documentation [D:\Process_Control\trunk\PluginDocumentation\Documentation\Working\BuildTopics.proj]
BuildAssembler : warning : ShowMissingComponent: [M:Desoutter.ProcessControl.Plugin.v2.Interface.IPluginLog.Info(System.String)] Missing &lt;param name=&quot;message&quot;/&gt; documentation [D:\Process_Control\trunk\PluginDocumentation\Documentation\Working\BuildTopics.proj]
BuildAssembler : warning : ShowMissingComponent: [M:Desoutter.ProcessControl.Plugin.v2.Interface.IProduction.GetLoggedUsersAsync] Missing &lt;returns&gt; documentation [D:\Process_Control\trunk\PluginDocumentation\Documentation\Working\BuildTopics.proj]
BuildAssembler : warning : ResolveReferenceLinksComponent: [M:Desoutter.ProcessControl.Plugin.v2.Interface.IProduction.GetLoggedUsersAsync] Unknown reference link target &#39;T:Desoutter.ProcessControl.Plugin.v2.Interface.Model.User.User&#39;. [D:\Process_Control\trunk\PluginDocumentation\Documentation\Working\BuildTopics.proj]
BuildAssembler : warning : ShowMissingComponent: [M:Desoutter.ProcessControl.Plugin.v2.Interface.IProduction.GetPreviousResultsAsync(System.Collections.Generic.List{Desoutter.ProcessControl.Plugin.v2.Interface.Model.StepType})] Missing &lt;returns&gt; documentation [D:\Process_Control\trunk\PluginDocumentation\Documentation\Working\BuildTopics.proj]
BuildAssembler : warning : ShowMissingComponent: [M:Desoutter.ProcessControl.Plugin.v2.Interface.IProduction.GetPreviousResultsAsync(System.Collections.Generic.List{Desoutter.ProcessControl.Plugin.v2.Interface.Model.StepType})] Missing &lt;param name=&quot;types&quot;/&gt; documentation [D:\Process_Control\trunk\PluginDocumentation\Documentation\Working\BuildTopics.proj]
BuildAssembler : warning : ResolveReferenceLinksComponent: [M:Desoutter.ProcessControl.Plugin.v2.Interface.IProduction.GetPreviousResultsAsync(System.Collections.Generic.List{Desoutter.ProcessControl.Plugin.v2.Interface.Model.StepType})] Unknown reference link target &#39;T:Desoutter.ProcessControl.Plugin.v2.Interface.Model.StepType&#39;. [D:\Process_Control\trunk\PluginDocumentation\Documentation\Working\BuildTopics.proj]
BuildAssembler : warning : ResolveReferenceLinksComponent: [M:Desoutter.ProcessControl.Plugin.v2.Interface.IProduction.GetPreviousResultsAsync(System.Collections.Generic.List{Desoutter.ProcessControl.Plugin.v2.Interface.Model.StepType})] Unknown reference link target &#39;T:Desoutter.ProcessControl.Plugin.v2.Interface.Model.Result.PreviousResult&#39;. [D:\Process_Control\trunk\PluginDocumentation\Documentation\Working\BuildTopics.proj]
BuildAssembler : warning : ShowMissingComponent: [M:Desoutter.ProcessControl.Plugin.v2.Interface.IProduction.GetProductSpecificationAsync] Missing &lt;returns&gt; documentation [D:\Process_Control\trunk\PluginDocumentation\Documentation\Working\BuildTopics.proj]
BuildAssembler : warning : ResolveReferenceLinksComponent: [M:Desoutter.ProcessControl.Plugin.v2.Interface.IProduction.GetProductSpecificationAsync] Unknown reference link target &#39;T:Desoutter.ProcessControl.Plugin.v2.Interface.Model.Production.ProductSpecification&#39;. [D:\Process_Control\trunk\PluginDocumentation\Documentation\Working\BuildTopics.proj]
BuildAssembler : warning : ShowMissingComponent: [M:Desoutter.ProcessControl.Plugin.v2.Interface.PluginBase.CreateControl] Missing &lt;returns&gt; documentation [D:\Process_Control\trunk\PluginDocumentation\Documentation\Working\BuildTopics.proj]
BuildAssembler : warning : ShowMissingComponent: [M:Desoutter.ProcessControl.Plugin.v2.Interface.PluginBase.ExecuteStep(System.Object)] Missing &lt;param name=&quot;parameters&quot;/&gt; documentation [D:\Process_Control\trunk\PluginDocumentation\Documentation\Working\BuildTopics.proj]
BuildAssembler : warning : ResolveReferenceLinksComponent: [M:Desoutter.ProcessControl.Plugin.v2.Interface.PluginBase.ExecuteStep(System.Object)] Unknown reference link target &#39;T:Desoutter.ProcessControl.Plugin.v2.Interface.Model.StepResult&#39;. [D:\Process_Control\trunk\PluginDocumentation\Documentation\Working\BuildTopics.proj]
BuildAssembler : warning : ShowMissingComponent: [M:Desoutter.ProcessControl.Plugin.v2.Interface.PluginBase.GetService(System.Type)] Missing &lt;summary&gt; documentation [D:\Process_Control\trunk\PluginDocumentation\Documentation\Working\BuildTopics.proj]
BuildAssembler : warning : ShowMissingComponent: [M:Desoutter.ProcessControl.Plugin.v2.Interface.PluginBase.GetService(System.Type)] Missing &lt;returns&gt; documentation [D:\Process_Control\trunk\PluginDocumentation\Documentation\Working\BuildTopics.proj]
BuildAssembler : warning : ShowMissingComponent: [M:Desoutter.ProcessControl.Plugin.v2.Interface.PluginBase.GetService(System.Type)] Missing &lt;param name=&quot;serviceType&quot;/&gt; documentation [D:\Process_Control\trunk\PluginDocumentation\Documentation\Working\BuildTopics.proj]
BuildAssembler : warning : ShowMissingComponent: [M:Desoutter.ProcessControl.Plugin.v2.Interface.PluginBase.HasToCreateControl] Missing &lt;returns&gt; documentation [D:\Process_Control\trunk\PluginDocumentation\Documentation\Working\BuildTopics.proj]
BuildAssembler : warning : ShowMissingComponent: [M:Desoutter.ProcessControl.Plugin.v2.Interface.PluginBase.InitializeLifetimeService] Missing &lt;returns&gt; documentation [D:\Process_Control\trunk\PluginDocumentation\Documentation\Working\BuildTopics.proj]
BuildAssembler : warning : ShowMissingComponent: [M:Desoutter.ProcessControl.Plugin.v2.Interface.PluginBase.ProgramWillStop] Missing &lt;returns&gt; documentation [D:\Process_Control\trunk\PluginDocumentation\Documentation\Working\BuildTopics.proj]
  Processed 120 topic(s)
  80 warning(s)
  CopyFromIndexComponent: &quot;metadata&quot; in-memory cache entries used: 1 of 15.
  ResolveArtLinksComponent: Copying media files...
  CopyFromIndexComponent: &quot;reflection&quot; in-memory cache entries used: 5 of 15.
  CopyFromIndexComponent: &quot;comments&quot; in-memory cache entries used: 3 of 30.
G‚n‚ration du projet &quot;D:\Process_Control\trunk\PluginDocumentation\Documentation\Working\BuildTopics.proj&quot; termin‚e (cibles par d‚faut).

La g‚n‚ration a r‚ussi.

Temps ‚coul‚ 00:00:17.70
    Last step completed in 00:00:18,1133
</buildStep>
<buildStep step="CombiningIntermediateTocFiles">
Combining conceptual and API intermediate TOC files...
    Last step completed in 00:00:00,0060
</buildStep>
<buildStep step="ExtractingHtmlInfo">
Extracting HTML info for HTML Help 1 and/or website...
[C:\Program Files (x86)\MSBuild\14.0\bin\MSBuild.exe - ExtractHtmlInfo.proj]
Sandcastle Help File Builder and Tools, version 2017.5.15.0
Copyright &#184; 2006-2017, Eric Woodruff, All Rights Reserved
E-Mail: Eric@EWoodruff.us

Using LCID &#39;1033&#39;, code page &#39;65001&#39;, encoding charset &#39;UTF-8&#39;.

Processing website files in D:\Process_Control\trunk\PluginDocumentation\Documentation\Working\Output\Website
Processed 120 HTML files
Sorting keywords and generating See Also indices
Saving website keyword index to D:\Process_Control\trunk\PluginDocumentation\Documentation\Working\WebKI.xml
Saving website table of contents to D:\Process_Control\trunk\PluginDocumentation\Documentation\Working\WebTOC.xml
    Last step completed in 00:00:00,3240
</buildStep>
<buildStep step="CopyStandardHelpContent">
Copying standard help content...
D:\Process_Control\trunk\packages\EWSoftware.SHFB.2017.5.15.0\tools\PresentationStyles\VS2013\icons\AlertCaution.png -&gt; D:\Process_Control\trunk\PluginDocumentation\Documentation\Working\Output\Website\icons\AlertCaution.png
D:\Process_Control\trunk\packages\EWSoftware.SHFB.2017.5.15.0\tools\PresentationStyles\VS2013\icons\AlertNote.png -&gt; D:\Process_Control\trunk\PluginDocumentation\Documentation\Working\Output\Website\icons\AlertNote.png
D:\Process_Control\trunk\packages\EWSoftware.SHFB.2017.5.15.0\tools\PresentationStyles\VS2013\icons\AlertSecurity.png -&gt; D:\Process_Control\trunk\PluginDocumentation\Documentation\Working\Output\Website\icons\AlertSecurity.png
D:\Process_Control\trunk\packages\EWSoftware.SHFB.2017.5.15.0\tools\PresentationStyles\VS2013\icons\CFW.gif -&gt; D:\Process_Control\trunk\PluginDocumentation\Documentation\Working\Output\Website\icons\CFW.gif
D:\Process_Control\trunk\packages\EWSoftware.SHFB.2017.5.15.0\tools\PresentationStyles\VS2013\icons\CodeExample.png -&gt; D:\Process_Control\trunk\PluginDocumentation\Documentation\Working\Output\Website\icons\CodeExample.png
D:\Process_Control\trunk\packages\EWSoftware.SHFB.2017.5.15.0\tools\PresentationStyles\VS2013\icons\favicon.ico -&gt; D:\Process_Control\trunk\PluginDocumentation\Documentation\Working\Output\Website\icons\favicon.ico
D:\Process_Control\trunk\packages\EWSoftware.SHFB.2017.5.15.0\tools\PresentationStyles\VS2013\icons\privclass.gif -&gt; D:\Process_Control\trunk\PluginDocumentation\Documentation\Working\Output\Website\icons\privclass.gif
D:\Process_Control\trunk\packages\EWSoftware.SHFB.2017.5.15.0\tools\PresentationStyles\VS2013\icons\privdelegate.gif -&gt; D:\Process_Control\trunk\PluginDocumentation\Documentation\Working\Output\Website\icons\privdelegate.gif
D:\Process_Control\trunk\packages\EWSoftware.SHFB.2017.5.15.0\tools\PresentationStyles\VS2013\icons\privenumeration.gif -&gt; D:\Process_Control\trunk\PluginDocumentation\Documentation\Working\Output\Website\icons\privenumeration.gif
D:\Process_Control\trunk\packages\EWSoftware.SHFB.2017.5.15.0\tools\PresentationStyles\VS2013\icons\privevent.gif -&gt; D:\Process_Control\trunk\PluginDocumentation\Documentation\Working\Output\Website\icons\privevent.gif
D:\Process_Control\trunk\packages\EWSoftware.SHFB.2017.5.15.0\tools\PresentationStyles\VS2013\icons\privextension.gif -&gt; D:\Process_Control\trunk\PluginDocumentation\Documentation\Working\Output\Website\icons\privextension.gif
D:\Process_Control\trunk\packages\EWSoftware.SHFB.2017.5.15.0\tools\PresentationStyles\VS2013\icons\privfield.gif -&gt; D:\Process_Control\trunk\PluginDocumentation\Documentation\Working\Output\Website\icons\privfield.gif
D:\Process_Control\trunk\packages\EWSoftware.SHFB.2017.5.15.0\tools\PresentationStyles\VS2013\icons\privinterface.gif -&gt; D:\Process_Control\trunk\PluginDocumentation\Documentation\Working\Output\Website\icons\privinterface.gif
D:\Process_Control\trunk\packages\EWSoftware.SHFB.2017.5.15.0\tools\PresentationStyles\VS2013\icons\privmethod.gif -&gt; D:\Process_Control\trunk\PluginDocumentation\Documentation\Working\Output\Website\icons\privmethod.gif
D:\Process_Control\trunk\packages\EWSoftware.SHFB.2017.5.15.0\tools\PresentationStyles\VS2013\icons\privproperty.gif -&gt; D:\Process_Control\trunk\PluginDocumentation\Documentation\Working\Output\Website\icons\privproperty.gif
D:\Process_Control\trunk\packages\EWSoftware.SHFB.2017.5.15.0\tools\PresentationStyles\VS2013\icons\privstructure.gif -&gt; D:\Process_Control\trunk\PluginDocumentation\Documentation\Working\Output\Website\icons\privstructure.gif
D:\Process_Control\trunk\packages\EWSoftware.SHFB.2017.5.15.0\tools\PresentationStyles\VS2013\icons\protclass.gif -&gt; D:\Process_Control\trunk\PluginDocumentation\Documentation\Working\Output\Website\icons\protclass.gif
D:\Process_Control\trunk\packages\EWSoftware.SHFB.2017.5.15.0\tools\PresentationStyles\VS2013\icons\protdelegate.gif -&gt; D:\Process_Control\trunk\PluginDocumentation\Documentation\Working\Output\Website\icons\protdelegate.gif
D:\Process_Control\trunk\packages\EWSoftware.SHFB.2017.5.15.0\tools\PresentationStyles\VS2013\icons\protenumeration.gif -&gt; D:\Process_Control\trunk\PluginDocumentation\Documentation\Working\Output\Website\icons\protenumeration.gif
D:\Process_Control\trunk\packages\EWSoftware.SHFB.2017.5.15.0\tools\PresentationStyles\VS2013\icons\protevent.gif -&gt; D:\Process_Control\trunk\PluginDocumentation\Documentation\Working\Output\Website\icons\protevent.gif
D:\Process_Control\trunk\packages\EWSoftware.SHFB.2017.5.15.0\tools\PresentationStyles\VS2013\icons\protextension.gif -&gt; D:\Process_Control\trunk\PluginDocumentation\Documentation\Working\Output\Website\icons\protextension.gif
D:\Process_Control\trunk\packages\EWSoftware.SHFB.2017.5.15.0\tools\PresentationStyles\VS2013\icons\protfield.gif -&gt; D:\Process_Control\trunk\PluginDocumentation\Documentation\Working\Output\Website\icons\protfield.gif
D:\Process_Control\trunk\packages\EWSoftware.SHFB.2017.5.15.0\tools\PresentationStyles\VS2013\icons\protinterface.gif -&gt; D:\Process_Control\trunk\PluginDocumentation\Documentation\Working\Output\Website\icons\protinterface.gif
D:\Process_Control\trunk\packages\EWSoftware.SHFB.2017.5.15.0\tools\PresentationStyles\VS2013\icons\protmethod.gif -&gt; D:\Process_Control\trunk\PluginDocumentation\Documentation\Working\Output\Website\icons\protmethod.gif
D:\Process_Control\trunk\packages\EWSoftware.SHFB.2017.5.15.0\tools\PresentationStyles\VS2013\icons\protoperator.gif -&gt; D:\Process_Control\trunk\PluginDocumentation\Documentation\Working\Output\Website\icons\protoperator.gif
D:\Process_Control\trunk\packages\EWSoftware.SHFB.2017.5.15.0\tools\PresentationStyles\VS2013\icons\protproperty.gif -&gt; D:\Process_Control\trunk\PluginDocumentation\Documentation\Working\Output\Website\icons\protproperty.gif
D:\Process_Control\trunk\packages\EWSoftware.SHFB.2017.5.15.0\tools\PresentationStyles\VS2013\icons\protstructure.gif -&gt; D:\Process_Control\trunk\PluginDocumentation\Documentation\Working\Output\Website\icons\protstructure.gif
D:\Process_Control\trunk\packages\EWSoftware.SHFB.2017.5.15.0\tools\PresentationStyles\VS2013\icons\pubclass.gif -&gt; D:\Process_Control\trunk\PluginDocumentation\Documentation\Working\Output\Website\icons\pubclass.gif
D:\Process_Control\trunk\packages\EWSoftware.SHFB.2017.5.15.0\tools\PresentationStyles\VS2013\icons\pubdelegate.gif -&gt; D:\Process_Control\trunk\PluginDocumentation\Documentation\Working\Output\Website\icons\pubdelegate.gif
D:\Process_Control\trunk\packages\EWSoftware.SHFB.2017.5.15.0\tools\PresentationStyles\VS2013\icons\pubenumeration.gif -&gt; D:\Process_Control\trunk\PluginDocumentation\Documentation\Working\Output\Website\icons\pubenumeration.gif
D:\Process_Control\trunk\packages\EWSoftware.SHFB.2017.5.15.0\tools\PresentationStyles\VS2013\icons\pubevent.gif -&gt; D:\Process_Control\trunk\PluginDocumentation\Documentation\Working\Output\Website\icons\pubevent.gif
D:\Process_Control\trunk\packages\EWSoftware.SHFB.2017.5.15.0\tools\PresentationStyles\VS2013\icons\pubextension.gif -&gt; D:\Process_Control\trunk\PluginDocumentation\Documentation\Working\Output\Website\icons\pubextension.gif
D:\Process_Control\trunk\packages\EWSoftware.SHFB.2017.5.15.0\tools\PresentationStyles\VS2013\icons\pubfield.gif -&gt; D:\Process_Control\trunk\PluginDocumentation\Documentation\Working\Output\Website\icons\pubfield.gif
D:\Process_Control\trunk\packages\EWSoftware.SHFB.2017.5.15.0\tools\PresentationStyles\VS2013\icons\pubinterface.gif -&gt; D:\Process_Control\trunk\PluginDocumentation\Documentation\Working\Output\Website\icons\pubinterface.gif
D:\Process_Control\trunk\packages\EWSoftware.SHFB.2017.5.15.0\tools\PresentationStyles\VS2013\icons\pubmethod.gif -&gt; D:\Process_Control\trunk\PluginDocumentation\Documentation\Working\Output\Website\icons\pubmethod.gif
D:\Process_Control\trunk\packages\EWSoftware.SHFB.2017.5.15.0\tools\PresentationStyles\VS2013\icons\puboperator.gif -&gt; D:\Process_Control\trunk\PluginDocumentation\Documentation\Working\Output\Website\icons\puboperator.gif
D:\Process_Control\trunk\packages\EWSoftware.SHFB.2017.5.15.0\tools\PresentationStyles\VS2013\icons\pubproperty.gif -&gt; D:\Process_Control\trunk\PluginDocumentation\Documentation\Working\Output\Website\icons\pubproperty.gif
D:\Process_Control\trunk\packages\EWSoftware.SHFB.2017.5.15.0\tools\PresentationStyles\VS2013\icons\pubstructure.gif -&gt; D:\Process_Control\trunk\PluginDocumentation\Documentation\Working\Output\Website\icons\pubstructure.gif
D:\Process_Control\trunk\packages\EWSoftware.SHFB.2017.5.15.0\tools\PresentationStyles\VS2013\icons\SectionCollapsed.png -&gt; D:\Process_Control\trunk\PluginDocumentation\Documentation\Working\Output\Website\icons\SectionCollapsed.png
D:\Process_Control\trunk\packages\EWSoftware.SHFB.2017.5.15.0\tools\PresentationStyles\VS2013\icons\SectionExpanded.png -&gt; D:\Process_Control\trunk\PluginDocumentation\Documentation\Working\Output\Website\icons\SectionExpanded.png
D:\Process_Control\trunk\packages\EWSoftware.SHFB.2017.5.15.0\tools\PresentationStyles\VS2013\icons\slMobile.gif -&gt; D:\Process_Control\trunk\PluginDocumentation\Documentation\Working\Output\Website\icons\slMobile.gif
D:\Process_Control\trunk\packages\EWSoftware.SHFB.2017.5.15.0\tools\PresentationStyles\VS2013\icons\static.gif -&gt; D:\Process_Control\trunk\PluginDocumentation\Documentation\Working\Output\Website\icons\static.gif
D:\Process_Control\trunk\packages\EWSoftware.SHFB.2017.5.15.0\tools\PresentationStyles\VS2013\icons\xna.gif -&gt; D:\Process_Control\trunk\PluginDocumentation\Documentation\Working\Output\Website\icons\xna.gif
D:\Process_Control\trunk\packages\EWSoftware.SHFB.2017.5.15.0\tools\PresentationStyles\VS2013\scripts\branding.js -&gt; D:\Process_Control\trunk\PluginDocumentation\Documentation\Working\Output\Website\scripts\branding.js
D:\Process_Control\trunk\packages\EWSoftware.SHFB.2017.5.15.0\tools\PresentationStyles\VS2013\styles\branding-cs-CZ.css -&gt; D:\Process_Control\trunk\PluginDocumentation\Documentation\Working\Output\Website\styles\branding-cs-CZ.css
D:\Process_Control\trunk\packages\EWSoftware.SHFB.2017.5.15.0\tools\PresentationStyles\VS2013\styles\branding-de-DE.css -&gt; D:\Process_Control\trunk\PluginDocumentation\Documentation\Working\Output\Website\styles\branding-de-DE.css
D:\Process_Control\trunk\packages\EWSoftware.SHFB.2017.5.15.0\tools\PresentationStyles\VS2013\styles\branding-en-US.css -&gt; D:\Process_Control\trunk\PluginDocumentation\Documentation\Working\Output\Website\styles\branding-en-US.css
D:\Process_Control\trunk\packages\EWSoftware.SHFB.2017.5.15.0\tools\PresentationStyles\VS2013\styles\branding-es-ES.css -&gt; D:\Process_Control\trunk\PluginDocumentation\Documentation\Working\Output\Website\styles\branding-es-ES.css
D:\Process_Control\trunk\packages\EWSoftware.SHFB.2017.5.15.0\tools\PresentationStyles\VS2013\styles\branding-fr-FR.css -&gt; D:\Process_Control\trunk\PluginDocumentation\Documentation\Working\Output\Website\styles\branding-fr-FR.css
D:\Process_Control\trunk\packages\EWSoftware.SHFB.2017.5.15.0\tools\PresentationStyles\VS2013\styles\branding-Help1.css -&gt; D:\Process_Control\trunk\PluginDocumentation\Documentation\Working\Output\Website\styles\branding-Help1.css
D:\Process_Control\trunk\packages\EWSoftware.SHFB.2017.5.15.0\tools\PresentationStyles\VS2013\styles\branding-HelpViewer.css -&gt; D:\Process_Control\trunk\PluginDocumentation\Documentation\Working\Output\Website\styles\branding-HelpViewer.css
D:\Process_Control\trunk\packages\EWSoftware.SHFB.2017.5.15.0\tools\PresentationStyles\VS2013\styles\branding-it-IT.css -&gt; D:\Process_Control\trunk\PluginDocumentation\Documentation\Working\Output\Website\styles\branding-it-IT.css
D:\Process_Control\trunk\packages\EWSoftware.SHFB.2017.5.15.0\tools\PresentationStyles\VS2013\styles\branding-ja-JP.css -&gt; D:\Process_Control\trunk\PluginDocumentation\Documentation\Working\Output\Website\styles\branding-ja-JP.css
D:\Process_Control\trunk\packages\EWSoftware.SHFB.2017.5.15.0\tools\PresentationStyles\VS2013\styles\branding-ko-KR.css -&gt; D:\Process_Control\trunk\PluginDocumentation\Documentation\Working\Output\Website\styles\branding-ko-KR.css
D:\Process_Control\trunk\packages\EWSoftware.SHFB.2017.5.15.0\tools\PresentationStyles\VS2013\styles\branding-pl-PL.css -&gt; D:\Process_Control\trunk\PluginDocumentation\Documentation\Working\Output\Website\styles\branding-pl-PL.css
D:\Process_Control\trunk\packages\EWSoftware.SHFB.2017.5.15.0\tools\PresentationStyles\VS2013\styles\branding-pt-BR.css -&gt; D:\Process_Control\trunk\PluginDocumentation\Documentation\Working\Output\Website\styles\branding-pt-BR.css
D:\Process_Control\trunk\packages\EWSoftware.SHFB.2017.5.15.0\tools\PresentationStyles\VS2013\styles\branding-ru-RU.css -&gt; D:\Process_Control\trunk\PluginDocumentation\Documentation\Working\Output\Website\styles\branding-ru-RU.css
D:\Process_Control\trunk\packages\EWSoftware.SHFB.2017.5.15.0\tools\PresentationStyles\VS2013\styles\branding-tr-TR.css -&gt; D:\Process_Control\trunk\PluginDocumentation\Documentation\Working\Output\Website\styles\branding-tr-TR.css
D:\Process_Control\trunk\packages\EWSoftware.SHFB.2017.5.15.0\tools\PresentationStyles\VS2013\styles\branding-Website.css -&gt; D:\Process_Control\trunk\PluginDocumentation\Documentation\Working\Output\Website\styles\branding-Website.css
D:\Process_Control\trunk\packages\EWSoftware.SHFB.2017.5.15.0\tools\PresentationStyles\VS2013\styles\branding-zh-CN.css -&gt; D:\Process_Control\trunk\PluginDocumentation\Documentation\Working\Output\Website\styles\branding-zh-CN.css
D:\Process_Control\trunk\packages\EWSoftware.SHFB.2017.5.15.0\tools\PresentationStyles\VS2013\styles\branding-zh-TW.css -&gt; D:\Process_Control\trunk\PluginDocumentation\Documentation\Working\Output\Website\styles\branding-zh-TW.css
D:\Process_Control\trunk\packages\EWSoftware.SHFB.2017.5.15.0\tools\PresentationStyles\VS2013\styles\branding.css -&gt; D:\Process_Control\trunk\PluginDocumentation\Documentation\Working\Output\Website\styles\branding.css
D:\Process_Control\trunk\packages\EWSoftware.SHFB.2017.5.15.0\tools\PresentationStyles\VS2013\Web\index.html -&gt; D:\Process_Control\trunk\PluginDocumentation\Documentation\Working\Output\Website\index.html
D:\Process_Control\trunk\packages\EWSoftware.SHFB.2017.5.15.0\tools\PresentationStyles\VS2013\Web\search.html -&gt; D:\Process_Control\trunk\PluginDocumentation\Documentation\Working\Output\Website\search.html
D:\Process_Control\trunk\packages\EWSoftware.SHFB.2017.5.15.0\tools\PresentationStyles\VS2013\Web\SearchHelp.aspx -&gt; D:\Process_Control\trunk\PluginDocumentation\Documentation\Working\Output\Website\SearchHelp.aspx
D:\Process_Control\trunk\packages\EWSoftware.SHFB.2017.5.15.0\tools\PresentationStyles\VS2013\Web\SearchHelp.inc.php -&gt; D:\Process_Control\trunk\PluginDocumentation\Documentation\Working\Output\Website\SearchHelp.inc.php
D:\Process_Control\trunk\packages\EWSoftware.SHFB.2017.5.15.0\tools\PresentationStyles\VS2013\Web\SearchHelp.php -&gt; D:\Process_Control\trunk\PluginDocumentation\Documentation\Working\Output\Website\SearchHelp.php
D:\Process_Control\trunk\packages\EWSoftware.SHFB.2017.5.15.0\tools\PresentationStyles\VS2013\Web\Web.Config -&gt; D:\Process_Control\trunk\PluginDocumentation\Documentation\Working\Output\Website\Web.Config
D:\Process_Control\trunk\packages\EWSoftware.SHFB.2017.5.15.0\tools\PresentationStyles\VS2013\Web\html\GeneralError.htm -&gt; D:\Process_Control\trunk\PluginDocumentation\Documentation\Working\Output\Website\html\GeneralError.htm
D:\Process_Control\trunk\packages\EWSoftware.SHFB.2017.5.15.0\tools\PresentationStyles\VS2013\Web\html\PageNotFound.htm -&gt; D:\Process_Control\trunk\PluginDocumentation\Documentation\Working\Output\Website\html\PageNotFound.htm
D:\Process_Control\trunk\packages\EWSoftware.SHFB.2017.5.15.0\tools\PresentationStyles\VS2013\Web\icons\Search.png -&gt; D:\Process_Control\trunk\PluginDocumentation\Documentation\Working\Output\Website\icons\Search.png
D:\Process_Control\trunk\packages\EWSoftware.SHFB.2017.5.15.0\tools\PresentationStyles\VS2013\Web\icons\TocClose.gif -&gt; D:\Process_Control\trunk\PluginDocumentation\Documentation\Working\Output\Website\icons\TocClose.gif
D:\Process_Control\trunk\packages\EWSoftware.SHFB.2017.5.15.0\tools\PresentationStyles\VS2013\Web\icons\TocCollapsed.gif -&gt; D:\Process_Control\trunk\PluginDocumentation\Documentation\Working\Output\Website\icons\TocCollapsed.gif
D:\Process_Control\trunk\packages\EWSoftware.SHFB.2017.5.15.0\tools\PresentationStyles\VS2013\Web\icons\TocExpanded.gif -&gt; D:\Process_Control\trunk\PluginDocumentation\Documentation\Working\Output\Website\icons\TocExpanded.gif
D:\Process_Control\trunk\packages\EWSoftware.SHFB.2017.5.15.0\tools\PresentationStyles\VS2013\Web\icons\TocOpen.gif -&gt; D:\Process_Control\trunk\PluginDocumentation\Documentation\Working\Output\Website\icons\TocOpen.gif
D:\Process_Control\trunk\packages\EWSoftware.SHFB.2017.5.15.0\tools\PresentationStyles\VS2013\Web\scripts\branding-Website.js -&gt; D:\Process_Control\trunk\PluginDocumentation\Documentation\Working\Output\Website\scripts\branding-Website.js
D:\Process_Control\trunk\packages\EWSoftware.SHFB.2017.5.15.0\tools\PresentationStyles\VS2013\Web\scripts\clipboard.min.js -&gt; D:\Process_Control\trunk\PluginDocumentation\Documentation\Working\Output\Website\scripts\clipboard.min.js
D:\Process_Control\trunk\packages\EWSoftware.SHFB.2017.5.15.0\tools\PresentationStyles\VS2013\Web\scripts\jquery-1.11.0.min.js -&gt; D:\Process_Control\trunk\PluginDocumentation\Documentation\Working\Output\Website\scripts\jquery-1.11.0.min.js
    Last step completed in 00:00:00,3546
</buildStep>
<buildStep step="GenerateHelpFormatTableOfContents">
Generating website table of contents file...
    Last step completed in 00:00:00,0000
</buildStep>
<buildStep step="GenerateFullTextIndex">
Generating full-text index for the website...

<plugIn name="Lightweight Website Style" behavior="After" priority="1000">
Adding lightweight search and TOC elements to each topic...
</plugIn>    Last step completed in 00:00:00,4690
</buildStep>
<buildStep step="CopyingWebsiteFiles">
Copying website files to output folder...

Copied 263 files for the website content
    Last step completed in 00:00:00,2038
</buildStep>
<buildStep step="CleanIntermediates">
Removing intermediate files...
    Last step completed in 00:00:01,2774
</buildStep>
<buildStep step="Completed">

Build completed successfully at 22/12/2017 11:35:21.  Total time: 00:00:34,0822

</buildStep>
</shfbBuild>
